{"C:\\Users\\Leand\\OneDrive\\Escritorio\\curso_node_js\\02-bases\\dist\\js-foundation\\01-template.js": {"path":"C:\\Users\\Leand\\OneDrive\\Escritorio\\curso_node_js\\02-bases\\dist\\js-foundation\\01-template.js","all":false,"statementMap":{"0":{"start":{"line":1,"column":0},"end":{"line":1,"column":13}},"1":{"start":{"line":2,"column":0},"end":{"line":2,"column":62}},"2":{"start":{"line":3,"column":0},"end":{"line":3,"column":31}},"3":{"start":{"line":4,"column":0},"end":{"line":4,"column":23}},"4":{"start":{"line":5,"column":0},"end":{"line":5,"column":5}},"5":{"start":{"line":6,"column":0},"end":{"line":6,"column":27}},"6":{"start":{"line":7,"column":0},"end":{"line":7,"column":43}},"7":{"start":{"line":8,"column":0},"end":{"line":8,"column":6}},"8":{"start":{"line":9,"column":0},"end":{"line":9,"column":2}},"9":{"start":{"line":10,"column":0},"end":{"line":10,"column":38}}},"s":{"0":1,"1":1,"2":1,"3":1,"4":1,"5":1,"6":1,"7":1,"8":1,"9":1},"branchMap":{"0":{"type":"branch","line":1,"loc":{"start":{"line":1,"column":0},"end":{"line":10,"column":38}},"locations":[{"start":{"line":1,"column":0},"end":{"line":10,"column":38}}]},"1":{"type":"branch","line":1,"loc":{"start":{"line":1,"column":0},"end":{"line":10,"column":38}},"locations":[{"start":{"line":1,"column":0},"end":{"line":10,"column":38}}]}},"b":{"0":[1],"1":[1]},"fnMap":{"0":{"name":"Object.<anonymous>","decl":{"start":{"line":1,"column":0},"end":{"line":10,"column":38}},"loc":{"start":{"line":1,"column":0},"end":{"line":10,"column":38}},"line":1}},"f":{"0":1}}
,"C:\\Users\\Leand\\OneDrive\\Escritorio\\curso_node_js\\02-bases\\dist\\js-foundation\\02-destructiring.js": {"path":"C:\\Users\\Leand\\OneDrive\\Escritorio\\curso_node_js\\02-bases\\dist\\js-foundation\\02-destructiring.js","all":false,"statementMap":{"0":{"start":{"line":1,"column":0},"end":{"line":1,"column":13}},"1":{"start":{"line":2,"column":0},"end":{"line":2,"column":62}},"2":{"start":{"line":3,"column":0},"end":{"line":3,"column":67}},"3":{"start":{"line":4,"column":0},"end":{"line":4,"column":29}},"4":{"start":{"line":5,"column":0},"end":{"line":5,"column":34}}},"s":{"0":1,"1":1,"2":1,"3":1,"4":1},"branchMap":{"0":{"type":"branch","line":1,"loc":{"start":{"line":1,"column":0},"end":{"line":5,"column":34}},"locations":[{"start":{"line":1,"column":0},"end":{"line":5,"column":34}}]},"1":{"type":"branch","line":1,"loc":{"start":{"line":1,"column":0},"end":{"line":5,"column":34}},"locations":[{"start":{"line":1,"column":0},"end":{"line":5,"column":34}}]}},"b":{"0":[1],"1":[1]},"fnMap":{"0":{"name":"Object.<anonymous>","decl":{"start":{"line":1,"column":0},"end":{"line":5,"column":34}},"loc":{"start":{"line":1,"column":0},"end":{"line":5,"column":34}},"line":1}},"f":{"0":1}}
,"C:\\Users\\Leand\\OneDrive\\Escritorio\\curso_node_js\\02-bases\\dist\\js-foundation\\03-callbacks.js": {"path":"C:\\Users\\Leand\\OneDrive\\Escritorio\\curso_node_js\\02-bases\\dist\\js-foundation\\03-callbacks.js","all":false,"statementMap":{"0":{"start":{"line":1,"column":0},"end":{"line":1,"column":13}},"1":{"start":{"line":2,"column":0},"end":{"line":2,"column":62}},"2":{"start":{"line":3,"column":0},"end":{"line":3,"column":29}},"3":{"start":{"line":4,"column":0},"end":{"line":4,"column":15}},"4":{"start":{"line":5,"column":0},"end":{"line":5,"column":5}},"5":{"start":{"line":6,"column":0},"end":{"line":6,"column":14}},"6":{"start":{"line":7,"column":0},"end":{"line":7,"column":25}},"7":{"start":{"line":8,"column":0},"end":{"line":8,"column":6}},"8":{"start":{"line":9,"column":0},"end":{"line":9,"column":5}},"9":{"start":{"line":10,"column":0},"end":{"line":10,"column":14}},"10":{"start":{"line":11,"column":0},"end":{"line":11,"column":25}},"11":{"start":{"line":12,"column":0},"end":{"line":12,"column":6}},"12":{"start":{"line":13,"column":0},"end":{"line":13,"column":2}},"13":{"start":{"line":14,"column":0},"end":{"line":14,"column":39}},"14":{"start":{"line":15,"column":0},"end":{"line":15,"column":54}},"15":{"start":{"line":16,"column":0},"end":{"line":16,"column":79}},"16":{"start":{"line":17,"column":0},"end":{"line":17,"column":2}},"17":{"start":{"line":18,"column":0},"end":{"line":18,"column":34}}},"s":{"0":1,"1":1,"2":1,"3":1,"4":1,"5":1,"6":1,"7":1,"8":1,"9":1,"10":1,"11":1,"12":1,"13":1,"14":2,"15":2,"16":1,"17":1},"branchMap":{"0":{"type":"branch","line":1,"loc":{"start":{"line":1,"column":0},"end":{"line":18,"column":34}},"locations":[{"start":{"line":1,"column":0},"end":{"line":18,"column":34}}]},"1":{"type":"branch","line":1,"loc":{"start":{"line":1,"column":0},"end":{"line":18,"column":34}},"locations":[{"start":{"line":1,"column":0},"end":{"line":18,"column":34}}]},"2":{"type":"branch","line":14,"loc":{"start":{"line":14,"column":20},"end":{"line":17,"column":1}},"locations":[{"start":{"line":14,"column":20},"end":{"line":17,"column":1}}]},"3":{"type":"branch","line":16,"loc":{"start":{"line":16,"column":9},"end":{"line":16,"column":36}},"locations":[{"start":{"line":16,"column":9},"end":{"line":16,"column":36}}]},"4":{"type":"branch","line":16,"loc":{"start":{"line":16,"column":37},"end":{"line":16,"column":78}},"locations":[{"start":{"line":16,"column":37},"end":{"line":16,"column":78}}]},"5":{"type":"branch","line":15,"loc":{"start":{"line":15,"column":28},"end":{"line":15,"column":52}},"locations":[{"start":{"line":15,"column":28},"end":{"line":15,"column":52}}]}},"b":{"0":[1],"1":[1],"2":[2],"3":[1],"4":[1],"5":[3]},"fnMap":{"0":{"name":"Object.<anonymous>","decl":{"start":{"line":1,"column":0},"end":{"line":18,"column":34}},"loc":{"start":{"line":1,"column":0},"end":{"line":18,"column":34}},"line":1},"1":{"name":"getUserById","decl":{"start":{"line":14,"column":20},"end":{"line":17,"column":1}},"loc":{"start":{"line":14,"column":20},"end":{"line":17,"column":1}},"line":14}},"f":{"0":1,"1":2}}
,"C:\\Users\\Leand\\OneDrive\\Escritorio\\curso_node_js\\02-bases\\dist\\js-foundation\\04-factory.js": {"path":"C:\\Users\\Leand\\OneDrive\\Escritorio\\curso_node_js\\02-bases\\dist\\js-foundation\\04-factory.js","all":false,"statementMap":{"0":{"start":{"line":1,"column":0},"end":{"line":1,"column":13}},"1":{"start":{"line":2,"column":0},"end":{"line":2,"column":62}},"2":{"start":{"line":3,"column":0},"end":{"line":3,"column":33}},"3":{"start":{"line":4,"column":0},"end":{"line":4,"column":50}},"4":{"start":{"line":5,"column":0},"end":{"line":5,"column":37}},"5":{"start":{"line":6,"column":0},"end":{"line":6,"column":16}},"6":{"start":{"line":7,"column":0},"end":{"line":7,"column":26}},"7":{"start":{"line":8,"column":0},"end":{"line":8,"column":17}},"8":{"start":{"line":9,"column":0},"end":{"line":9,"column":22}},"9":{"start":{"line":10,"column":0},"end":{"line":10,"column":35}},"10":{"start":{"line":11,"column":0},"end":{"line":11,"column":10}},"11":{"start":{"line":12,"column":0},"end":{"line":12,"column":6}},"12":{"start":{"line":13,"column":0},"end":{"line":13,"column":2}},"13":{"start":{"line":14,"column":0},"end":{"line":14,"column":42}}},"s":{"0":1,"1":1,"2":1,"3":1,"4":2,"5":1,"6":1,"7":1,"8":1,"9":1,"10":1,"11":2,"12":1,"13":1},"branchMap":{"0":{"type":"branch","line":1,"loc":{"start":{"line":1,"column":0},"end":{"line":14,"column":42}},"locations":[{"start":{"line":1,"column":0},"end":{"line":14,"column":42}}]},"1":{"type":"branch","line":1,"loc":{"start":{"line":1,"column":0},"end":{"line":14,"column":42}},"locations":[{"start":{"line":1,"column":0},"end":{"line":14,"column":42}}]},"2":{"type":"branch","line":4,"loc":{"start":{"line":4,"column":24},"end":{"line":13,"column":1}},"locations":[{"start":{"line":4,"column":24},"end":{"line":13,"column":1}}]},"3":{"type":"branch","line":5,"loc":{"start":{"line":5,"column":11},"end":{"line":12,"column":5}},"locations":[{"start":{"line":5,"column":11},"end":{"line":12,"column":5}}]}},"b":{"0":[1],"1":[1],"2":[2],"3":[1]},"fnMap":{"0":{"name":"Object.<anonymous>","decl":{"start":{"line":1,"column":0},"end":{"line":14,"column":42}},"loc":{"start":{"line":1,"column":0},"end":{"line":14,"column":42}},"line":1},"1":{"name":"buildMakePerson","decl":{"start":{"line":4,"column":24},"end":{"line":13,"column":1}},"loc":{"start":{"line":4,"column":24},"end":{"line":13,"column":1}},"line":4}},"f":{"0":1,"1":2}}
,"C:\\Users\\Leand\\OneDrive\\Escritorio\\curso_node_js\\02-bases\\dist\\js-foundation\\06-promises.js": {"path":"C:\\Users\\Leand\\OneDrive\\Escritorio\\curso_node_js\\02-bases\\dist\\js-foundation\\06-promises.js","all":false,"statementMap":{"0":{"start":{"line":1,"column":0},"end":{"line":1,"column":13}},"1":{"start":{"line":2,"column":0},"end":{"line":2,"column":90}},"2":{"start":{"line":3,"column":0},"end":{"line":3,"column":112}},"3":{"start":{"line":4,"column":0},"end":{"line":4,"column":64}},"4":{"start":{"line":5,"column":0},"end":{"line":5,"column":99}},"5":{"start":{"line":6,"column":0},"end":{"line":6,"column":102}},"6":{"start":{"line":7,"column":0},"end":{"line":7,"column":118}},"7":{"start":{"line":8,"column":0},"end":{"line":8,"column":78}},"8":{"start":{"line":9,"column":0},"end":{"line":9,"column":7}},"9":{"start":{"line":10,"column":0},"end":{"line":10,"column":2}},"10":{"start":{"line":11,"column":0},"end":{"line":11,"column":62}},"11":{"start":{"line":12,"column":0},"end":{"line":12,"column":32}},"12":{"start":{"line":13,"column":0},"end":{"line":13,"column":56}},"13":{"start":{"line":14,"column":0},"end":{"line":14,"column":79}},"14":{"start":{"line":15,"column":0},"end":{"line":15,"column":9}},"15":{"start":{"line":16,"column":0},"end":{"line":16,"column":62}},"16":{"start":{"line":17,"column":0},"end":{"line":17,"column":58}},"17":{"start":{"line":18,"column":0},"end":{"line":18,"column":28}},"18":{"start":{"line":19,"column":0},"end":{"line":19,"column":5}},"19":{"start":{"line":20,"column":0},"end":{"line":20,"column":19}},"20":{"start":{"line":21,"column":0},"end":{"line":21,"column":48}},"21":{"start":{"line":22,"column":0},"end":{"line":22,"column":5}},"22":{"start":{"line":23,"column":0},"end":{"line":23,"column":3}},"23":{"start":{"line":24,"column":0},"end":{"line":24,"column":40}}},"s":{"0":1,"1":1,"2":2,"3":2,"4":2,"5":2,"6":2,"7":2,"8":2,"9":1,"10":1,"11":1,"12":1,"13":1,"14":2,"15":2,"16":2,"17":1,"18":1,"19":1,"20":1,"21":1,"22":1,"23":1},"branchMap":{"0":{"type":"branch","line":1,"loc":{"start":{"line":1,"column":0},"end":{"line":24,"column":40}},"locations":[{"start":{"line":1,"column":0},"end":{"line":24,"column":40}}]},"1":{"type":"branch","line":1,"loc":{"start":{"line":1,"column":0},"end":{"line":24,"column":40}},"locations":[{"start":{"line":1,"column":0},"end":{"line":24,"column":40}}]},"2":{"type":"branch","line":2,"loc":{"start":{"line":2,"column":44},"end":{"line":10,"column":1}},"locations":[{"start":{"line":2,"column":44},"end":{"line":10,"column":1}}]},"3":{"type":"branch","line":3,"loc":{"start":{"line":3,"column":4},"end":{"line":3,"column":112}},"locations":[{"start":{"line":3,"column":4},"end":{"line":3,"column":112}}]},"4":{"type":"branch","line":3,"loc":{"start":{"line":3,"column":62},"end":{"line":3,"column":109}},"locations":[{"start":{"line":3,"column":62},"end":{"line":3,"column":109}}]},"5":{"type":"branch","line":4,"loc":{"start":{"line":4,"column":36},"end":{"line":9,"column":5}},"locations":[{"start":{"line":4,"column":36},"end":{"line":9,"column":5}}]},"6":{"type":"branch","line":5,"loc":{"start":{"line":5,"column":8},"end":{"line":5,"column":99}},"locations":[{"start":{"line":5,"column":8},"end":{"line":5,"column":99}}]},"7":{"type":"branch","line":5,"loc":{"start":{"line":5,"column":73},"end":{"line":5,"column":97}},"locations":[{"start":{"line":5,"column":73},"end":{"line":5,"column":97}}]},"8":{"type":"branch","line":6,"loc":{"start":{"line":6,"column":8},"end":{"line":6,"column":102}},"locations":[{"start":{"line":6,"column":8},"end":{"line":6,"column":102}}]},"9":{"type":"branch","line":7,"loc":{"start":{"line":7,"column":8},"end":{"line":7,"column":118}},"locations":[{"start":{"line":7,"column":8},"end":{"line":7,"column":118}}]},"10":{"type":"branch","line":7,"loc":{"start":{"line":7,"column":44},"end":{"line":7,"column":67}},"locations":[{"start":{"line":7,"column":44},"end":{"line":7,"column":67}}]},"11":{"type":"branch","line":7,"loc":{"start":{"line":7,"column":68},"end":{"line":7,"column":115}},"locations":[{"start":{"line":7,"column":68},"end":{"line":7,"column":115}}]},"12":{"type":"branch","line":14,"loc":{"start":{"line":14,"column":23},"end":{"line":23,"column":2}},"locations":[{"start":{"line":14,"column":23},"end":{"line":23,"column":2}}]},"13":{"type":"branch","line":14,"loc":{"start":{"line":14,"column":65},"end":{"line":23,"column":1}},"locations":[{"start":{"line":14,"column":65},"end":{"line":23,"column":1}}]},"14":{"type":"branch","line":18,"loc":{"start":{"line":18,"column":-1},"end":{"line":22,"column":5}},"locations":[{"start":{"line":18,"column":-1},"end":{"line":22,"column":5}}]}},"b":{"0":[1],"1":[1],"2":[2],"3":[2],"4":[0],"5":[2],"6":[1],"7":[0],"8":[1],"9":[3],"10":[1],"11":[2],"12":[2],"13":[2],"14":[1]},"fnMap":{"0":{"name":"Object.<anonymous>","decl":{"start":{"line":1,"column":0},"end":{"line":24,"column":40}},"loc":{"start":{"line":1,"column":0},"end":{"line":24,"column":40}},"line":1},"1":{"name":"Object.<anonymous>.__awaiter","decl":{"start":{"line":2,"column":44},"end":{"line":10,"column":1}},"loc":{"start":{"line":2,"column":44},"end":{"line":10,"column":1}},"line":2},"2":{"name":"adopt","decl":{"start":{"line":3,"column":4},"end":{"line":3,"column":112}},"loc":{"start":{"line":3,"column":4},"end":{"line":3,"column":112}},"line":3},"3":{"name":"fulfilled","decl":{"start":{"line":5,"column":8},"end":{"line":5,"column":99}},"loc":{"start":{"line":5,"column":8},"end":{"line":5,"column":99}},"line":5},"4":{"name":"rejected","decl":{"start":{"line":6,"column":8},"end":{"line":6,"column":102}},"loc":{"start":{"line":6,"column":8},"end":{"line":6,"column":102}},"line":6},"5":{"name":"step","decl":{"start":{"line":7,"column":8},"end":{"line":7,"column":118}},"loc":{"start":{"line":7,"column":8},"end":{"line":7,"column":118}},"line":7},"6":{"name":"getPokemonById","decl":{"start":{"line":14,"column":23},"end":{"line":23,"column":2}},"loc":{"start":{"line":14,"column":23},"end":{"line":23,"column":2}},"line":14}},"f":{"0":1,"1":2,"2":2,"3":1,"4":1,"5":3,"6":2}}
,"C:\\Users\\Leand\\OneDrive\\Escritorio\\curso_node_js\\02-bases\\dist\\plugins\\get-age-plugin.js": {"path":"C:\\Users\\Leand\\OneDrive\\Escritorio\\curso_node_js\\02-bases\\dist\\plugins\\get-age-plugin.js","all":false,"statementMap":{"0":{"start":{"line":1,"column":0},"end":{"line":1,"column":13}},"1":{"start":{"line":2,"column":0},"end":{"line":2,"column":62}},"2":{"start":{"line":3,"column":0},"end":{"line":3,"column":24}},"3":{"start":{"line":4,"column":0},"end":{"line":4,"column":31}},"4":{"start":{"line":5,"column":0},"end":{"line":5,"column":72}},"5":{"start":{"line":6,"column":0},"end":{"line":6,"column":2}},"6":{"start":{"line":7,"column":0},"end":{"line":7,"column":24}}},"s":{"0":1,"1":1,"2":1,"3":1,"4":3,"5":1,"6":1},"branchMap":{"0":{"type":"branch","line":1,"loc":{"start":{"line":1,"column":0},"end":{"line":7,"column":24}},"locations":[{"start":{"line":1,"column":0},"end":{"line":7,"column":24}}]},"1":{"type":"branch","line":1,"loc":{"start":{"line":1,"column":0},"end":{"line":7,"column":24}},"locations":[{"start":{"line":1,"column":0},"end":{"line":7,"column":24}}]},"2":{"type":"branch","line":4,"loc":{"start":{"line":4,"column":15},"end":{"line":6,"column":1}},"locations":[{"start":{"line":4,"column":15},"end":{"line":6,"column":1}}]}},"b":{"0":[1],"1":[1],"2":[3]},"fnMap":{"0":{"name":"Object.<anonymous>","decl":{"start":{"line":1,"column":0},"end":{"line":7,"column":24}},"loc":{"start":{"line":1,"column":0},"end":{"line":7,"column":24}},"line":1},"1":{"name":"getAge","decl":{"start":{"line":4,"column":15},"end":{"line":6,"column":1}},"loc":{"start":{"line":4,"column":15},"end":{"line":6,"column":1}},"line":4}},"f":{"0":1,"1":3}}
,"C:\\Users\\Leand\\OneDrive\\Escritorio\\curso_node_js\\02-bases\\dist\\plugins\\get-id-plugin.js": {"path":"C:\\Users\\Leand\\OneDrive\\Escritorio\\curso_node_js\\02-bases\\dist\\plugins\\get-id-plugin.js","all":false,"statementMap":{"0":{"start":{"line":1,"column":0},"end":{"line":1,"column":13}},"1":{"start":{"line":2,"column":0},"end":{"line":2,"column":62}},"2":{"start":{"line":3,"column":0},"end":{"line":3,"column":25}},"3":{"start":{"line":4,"column":0},"end":{"line":4,"column":31}},"4":{"start":{"line":5,"column":0},"end":{"line":5,"column":39}},"5":{"start":{"line":6,"column":0},"end":{"line":6,"column":26}}},"s":{"0":1,"1":1,"2":1,"3":1,"4":1,"5":1},"branchMap":{"0":{"type":"branch","line":1,"loc":{"start":{"line":1,"column":0},"end":{"line":6,"column":26}},"locations":[{"start":{"line":1,"column":0},"end":{"line":6,"column":26}}]},"1":{"type":"branch","line":1,"loc":{"start":{"line":1,"column":0},"end":{"line":6,"column":26}},"locations":[{"start":{"line":1,"column":0},"end":{"line":6,"column":26}}]},"2":{"type":"branch","line":5,"loc":{"start":{"line":5,"column":16},"end":{"line":5,"column":38}},"locations":[{"start":{"line":5,"column":16},"end":{"line":5,"column":38}}]}},"b":{"0":[1],"1":[1],"2":[1]},"fnMap":{"0":{"name":"Object.<anonymous>","decl":{"start":{"line":1,"column":0},"end":{"line":6,"column":26}},"loc":{"start":{"line":1,"column":0},"end":{"line":6,"column":26}},"line":1},"1":{"name":"getUUID","decl":{"start":{"line":5,"column":16},"end":{"line":5,"column":38}},"loc":{"start":{"line":5,"column":16},"end":{"line":5,"column":38}},"line":5}},"f":{"0":1,"1":1}}
,"C:\\Users\\Leand\\OneDrive\\Escritorio\\curso_node_js\\02-bases\\dist\\plugins\\http-client.js": {"path":"C:\\Users\\Leand\\OneDrive\\Escritorio\\curso_node_js\\02-bases\\dist\\plugins\\http-client.js","all":false,"statementMap":{"0":{"start":{"line":1,"column":0},"end":{"line":1,"column":13}},"1":{"start":{"line":2,"column":0},"end":{"line":2,"column":90}},"2":{"start":{"line":3,"column":0},"end":{"line":3,"column":112}},"3":{"start":{"line":4,"column":0},"end":{"line":4,"column":64}},"4":{"start":{"line":5,"column":0},"end":{"line":5,"column":99}},"5":{"start":{"line":6,"column":0},"end":{"line":6,"column":102}},"6":{"start":{"line":7,"column":0},"end":{"line":7,"column":118}},"7":{"start":{"line":8,"column":0},"end":{"line":8,"column":78}},"8":{"start":{"line":9,"column":0},"end":{"line":9,"column":7}},"9":{"start":{"line":10,"column":0},"end":{"line":10,"column":2}},"10":{"start":{"line":11,"column":0},"end":{"line":11,"column":72}},"11":{"start":{"line":12,"column":0},"end":{"line":12,"column":62}},"12":{"start":{"line":13,"column":0},"end":{"line":13,"column":2}},"13":{"start":{"line":14,"column":0},"end":{"line":14,"column":62}},"14":{"start":{"line":15,"column":0},"end":{"line":15,"column":22}},"15":{"start":{"line":16,"column":0},"end":{"line":16,"column":50}},"16":{"start":{"line":17,"column":0},"end":{"line":17,"column":26}},"17":{"start":{"line":18,"column":0},"end":{"line":18,"column":66}},"18":{"start":{"line":19,"column":0},"end":{"line":19,"column":54}},"19":{"start":{"line":20,"column":0},"end":{"line":20,"column":20}},"20":{"start":{"line":21,"column":0},"end":{"line":21,"column":7}},"21":{"start":{"line":22,"column":0},"end":{"line":22,"column":2}},"22":{"start":{"line":23,"column":0},"end":{"line":23,"column":32}}},"s":{"0":1,"1":1,"2":1,"3":1,"4":1,"5":1,"6":1,"7":1,"8":1,"9":1,"10":1,"11":1,"12":1,"13":1,"14":1,"15":1,"16":1,"17":1,"18":1,"19":1,"20":1,"21":1,"22":1},"branchMap":{"0":{"type":"branch","line":1,"loc":{"start":{"line":1,"column":0},"end":{"line":23,"column":32}},"locations":[{"start":{"line":1,"column":0},"end":{"line":23,"column":32}}]},"1":{"type":"branch","line":1,"loc":{"start":{"line":1,"column":0},"end":{"line":23,"column":32}},"locations":[{"start":{"line":1,"column":0},"end":{"line":23,"column":32}}]},"2":{"type":"branch","line":2,"loc":{"start":{"line":2,"column":44},"end":{"line":10,"column":1}},"locations":[{"start":{"line":2,"column":44},"end":{"line":10,"column":1}}]},"3":{"type":"branch","line":3,"loc":{"start":{"line":3,"column":4},"end":{"line":3,"column":112}},"locations":[{"start":{"line":3,"column":4},"end":{"line":3,"column":112}}]},"4":{"type":"branch","line":3,"loc":{"start":{"line":3,"column":62},"end":{"line":3,"column":109}},"locations":[{"start":{"line":3,"column":62},"end":{"line":3,"column":109}}]},"5":{"type":"branch","line":4,"loc":{"start":{"line":4,"column":36},"end":{"line":9,"column":5}},"locations":[{"start":{"line":4,"column":36},"end":{"line":9,"column":5}}]},"6":{"type":"branch","line":5,"loc":{"start":{"line":5,"column":8},"end":{"line":5,"column":99}},"locations":[{"start":{"line":5,"column":8},"end":{"line":5,"column":99}}]},"7":{"type":"branch","line":5,"loc":{"start":{"line":5,"column":73},"end":{"line":5,"column":97}},"locations":[{"start":{"line":5,"column":73},"end":{"line":5,"column":97}}]},"8":{"type":"branch","line":6,"loc":{"start":{"line":6,"column":8},"end":{"line":6,"column":102}},"locations":[{"start":{"line":6,"column":8},"end":{"line":6,"column":102}}]},"9":{"type":"branch","line":7,"loc":{"start":{"line":7,"column":8},"end":{"line":7,"column":118}},"locations":[{"start":{"line":7,"column":8},"end":{"line":7,"column":118}}]},"10":{"type":"branch","line":7,"loc":{"start":{"line":7,"column":44},"end":{"line":7,"column":67}},"locations":[{"start":{"line":7,"column":44},"end":{"line":7,"column":67}}]},"11":{"type":"branch","line":7,"loc":{"start":{"line":7,"column":68},"end":{"line":7,"column":115}},"locations":[{"start":{"line":7,"column":68},"end":{"line":7,"column":115}}]},"12":{"type":"branch","line":11,"loc":{"start":{"line":11,"column":56},"end":{"line":13,"column":1}},"locations":[{"start":{"line":11,"column":56},"end":{"line":13,"column":1}}]},"13":{"type":"branch","line":12,"loc":{"start":{"line":12,"column":35},"end":{"line":12,"column":40}},"locations":[{"start":{"line":12,"column":35},"end":{"line":12,"column":40}}]},"14":{"type":"branch","line":18,"loc":{"start":{"line":18,"column":9},"end":{"line":21,"column":6}},"locations":[{"start":{"line":18,"column":9},"end":{"line":21,"column":6}}]},"15":{"type":"branch","line":18,"loc":{"start":{"line":18,"column":52},"end":{"line":21,"column":5}},"locations":[{"start":{"line":18,"column":52},"end":{"line":21,"column":5}}]}},"b":{"0":[1],"1":[1],"2":[1],"3":[1],"4":[0],"5":[1],"6":[1],"7":[0],"8":[1],"9":[2],"10":[1],"11":[1],"12":[1],"13":[0],"14":[1],"15":[1]},"fnMap":{"0":{"name":"Object.<anonymous>","decl":{"start":{"line":1,"column":0},"end":{"line":23,"column":32}},"loc":{"start":{"line":1,"column":0},"end":{"line":23,"column":32}},"line":1},"1":{"name":"Object.<anonymous>.__awaiter","decl":{"start":{"line":2,"column":44},"end":{"line":10,"column":1}},"loc":{"start":{"line":2,"column":44},"end":{"line":10,"column":1}},"line":2},"2":{"name":"adopt","decl":{"start":{"line":3,"column":4},"end":{"line":3,"column":112}},"loc":{"start":{"line":3,"column":4},"end":{"line":3,"column":112}},"line":3},"3":{"name":"fulfilled","decl":{"start":{"line":5,"column":8},"end":{"line":5,"column":99}},"loc":{"start":{"line":5,"column":8},"end":{"line":5,"column":99}},"line":5},"4":{"name":"rejected","decl":{"start":{"line":6,"column":8},"end":{"line":6,"column":102}},"loc":{"start":{"line":6,"column":8},"end":{"line":6,"column":102}},"line":6},"5":{"name":"step","decl":{"start":{"line":7,"column":8},"end":{"line":7,"column":118}},"loc":{"start":{"line":7,"column":8},"end":{"line":7,"column":118}},"line":7},"6":{"name":"Object.<anonymous>.__importDefault","decl":{"start":{"line":11,"column":56},"end":{"line":13,"column":1}},"loc":{"start":{"line":11,"column":56},"end":{"line":13,"column":1}},"line":11},"7":{"name":"get","decl":{"start":{"line":18,"column":9},"end":{"line":21,"column":6}},"loc":{"start":{"line":18,"column":9},"end":{"line":21,"column":6}},"line":18}},"f":{"0":1,"1":1,"2":1,"3":1,"4":1,"5":2,"6":1,"7":1}}
,"C:\\Users\\Leand\\OneDrive\\Escritorio\\curso_node_js\\02-bases\\dist\\plugins\\index.js": {"path":"C:\\Users\\Leand\\OneDrive\\Escritorio\\curso_node_js\\02-bases\\dist\\plugins\\index.js","all":false,"statementMap":{"0":{"start":{"line":1,"column":0},"end":{"line":1,"column":13}},"1":{"start":{"line":2,"column":0},"end":{"line":2,"column":72}},"2":{"start":{"line":3,"column":0},"end":{"line":3,"column":62}},"3":{"start":{"line":4,"column":0},"end":{"line":4,"column":2}},"4":{"start":{"line":5,"column":0},"end":{"line":5,"column":62}},"5":{"start":{"line":6,"column":0},"end":{"line":6,"column":79}},"6":{"start":{"line":7,"column":0},"end":{"line":7,"column":53}},"7":{"start":{"line":8,"column":0},"end":{"line":8,"column":117}},"8":{"start":{"line":9,"column":0},"end":{"line":9,"column":51}},"9":{"start":{"line":10,"column":0},"end":{"line":10,"column":118}},"10":{"start":{"line":11,"column":0},"end":{"line":11,"column":47}},"11":{"start":{"line":12,"column":0},"end":{"line":12,"column":110}},"12":{"start":{"line":13,"column":0},"end":{"line":13,"column":70}},"13":{"start":{"line":14,"column":0},"end":{"line":14,"column":47}}},"s":{"0":1,"1":1,"2":1,"3":1,"4":1,"5":1,"6":1,"7":1,"8":1,"9":1,"10":1,"11":1,"12":1,"13":1},"branchMap":{"0":{"type":"branch","line":1,"loc":{"start":{"line":1,"column":0},"end":{"line":14,"column":47}},"locations":[{"start":{"line":1,"column":0},"end":{"line":14,"column":47}}]},"1":{"type":"branch","line":1,"loc":{"start":{"line":1,"column":0},"end":{"line":14,"column":47}},"locations":[{"start":{"line":1,"column":0},"end":{"line":14,"column":47}}]},"2":{"type":"branch","line":2,"loc":{"start":{"line":2,"column":56},"end":{"line":4,"column":1}},"locations":[{"start":{"line":2,"column":56},"end":{"line":4,"column":1}}]},"3":{"type":"branch","line":3,"loc":{"start":{"line":3,"column":41},"end":{"line":3,"column":61}},"locations":[{"start":{"line":3,"column":41},"end":{"line":3,"column":61}}]},"4":{"type":"branch","line":8,"loc":{"start":{"line":8,"column":66},"end":{"line":8,"column":113}},"locations":[{"start":{"line":8,"column":66},"end":{"line":8,"column":113}}]},"5":{"type":"branch","line":10,"loc":{"start":{"line":10,"column":67},"end":{"line":10,"column":114}},"locations":[{"start":{"line":10,"column":67},"end":{"line":10,"column":114}}]},"6":{"type":"branch","line":12,"loc":{"start":{"line":12,"column":64},"end":{"line":12,"column":106}},"locations":[{"start":{"line":12,"column":64},"end":{"line":12,"column":106}}]}},"b":{"0":[1],"1":[1],"2":[1],"3":[0],"4":[3],"5":[1],"6":[1]},"fnMap":{"0":{"name":"Object.<anonymous>","decl":{"start":{"line":1,"column":0},"end":{"line":14,"column":47}},"loc":{"start":{"line":1,"column":0},"end":{"line":14,"column":47}},"line":1},"1":{"name":"Object.<anonymous>.__importDefault","decl":{"start":{"line":2,"column":56},"end":{"line":4,"column":1}},"loc":{"start":{"line":2,"column":56},"end":{"line":4,"column":1}},"line":2},"2":{"name":"get","decl":{"start":{"line":8,"column":66},"end":{"line":8,"column":113}},"loc":{"start":{"line":8,"column":66},"end":{"line":8,"column":113}},"line":8},"3":{"name":"get","decl":{"start":{"line":10,"column":67},"end":{"line":10,"column":114}},"loc":{"start":{"line":10,"column":67},"end":{"line":10,"column":114}},"line":10},"4":{"name":"get","decl":{"start":{"line":12,"column":64},"end":{"line":12,"column":106}},"loc":{"start":{"line":12,"column":64},"end":{"line":12,"column":106}},"line":12}},"f":{"0":1,"1":1,"2":3,"3":1,"4":1}}
,"C:\\Users\\Leand\\OneDrive\\Escritorio\\curso_node_js\\02-bases\\dist\\plugins\\logger-plugins.js": {"path":"C:\\Users\\Leand\\OneDrive\\Escritorio\\curso_node_js\\02-bases\\dist\\plugins\\logger-plugins.js","all":false,"statementMap":{"0":{"start":{"line":1,"column":0},"end":{"line":1,"column":13}},"1":{"start":{"line":2,"column":0},"end":{"line":2,"column":72}},"2":{"start":{"line":3,"column":0},"end":{"line":3,"column":62}},"3":{"start":{"line":4,"column":0},"end":{"line":4,"column":2}},"4":{"start":{"line":5,"column":0},"end":{"line":5,"column":62}},"5":{"start":{"line":6,"column":0},"end":{"line":6,"column":24}},"6":{"start":{"line":7,"column":0},"end":{"line":7,"column":54}},"7":{"start":{"line":8,"column":0},"end":{"line":8,"column":62}},"8":{"start":{"line":9,"column":0},"end":{"line":9,"column":49}},"9":{"start":{"line":10,"column":0},"end":{"line":10,"column":18}},"10":{"start":{"line":11,"column":0},"end":{"line":11,"column":41}},"11":{"start":{"line":12,"column":0},"end":{"line":12,"column":17}},"12":{"start":{"line":13,"column":0},"end":{"line":13,"column":89}},"13":{"start":{"line":14,"column":0},"end":{"line":14,"column":76}},"14":{"start":{"line":15,"column":0},"end":{"line":15,"column":6}},"15":{"start":{"line":16,"column":0},"end":{"line":16,"column":3}},"16":{"start":{"line":17,"column":0},"end":{"line":17,"column":34}},"17":{"start":{"line":18,"column":0},"end":{"line":18,"column":12}},"18":{"start":{"line":19,"column":0},"end":{"line":19,"column":75}},"19":{"start":{"line":20,"column":0},"end":{"line":20,"column":80}},"20":{"start":{"line":21,"column":0},"end":{"line":21,"column":6}},"21":{"start":{"line":22,"column":0},"end":{"line":22,"column":2}},"22":{"start":{"line":23,"column":0},"end":{"line":23,"column":30}}},"s":{"0":1,"1":1,"2":1,"3":1,"4":1,"5":1,"6":1,"7":1,"8":1,"9":1,"10":1,"11":1,"12":1,"13":1,"14":1,"15":1,"16":1,"17":2,"18":2,"19":2,"20":2,"21":1,"22":1},"branchMap":{"0":{"type":"branch","line":1,"loc":{"start":{"line":1,"column":0},"end":{"line":23,"column":30}},"locations":[{"start":{"line":1,"column":0},"end":{"line":23,"column":30}}]},"1":{"type":"branch","line":1,"loc":{"start":{"line":1,"column":0},"end":{"line":23,"column":30}},"locations":[{"start":{"line":1,"column":0},"end":{"line":23,"column":30}}]},"2":{"type":"branch","line":2,"loc":{"start":{"line":2,"column":56},"end":{"line":4,"column":1}},"locations":[{"start":{"line":2,"column":56},"end":{"line":4,"column":1}}]},"3":{"type":"branch","line":3,"loc":{"start":{"line":3,"column":35},"end":{"line":3,"column":40}},"locations":[{"start":{"line":3,"column":35},"end":{"line":3,"column":40}}]},"4":{"type":"branch","line":17,"loc":{"start":{"line":17,"column":20},"end":{"line":22,"column":1}},"locations":[{"start":{"line":17,"column":20},"end":{"line":22,"column":1}}]},"5":{"type":"branch","line":19,"loc":{"start":{"line":19,"column":13},"end":{"line":19,"column":74}},"locations":[{"start":{"line":19,"column":13},"end":{"line":19,"column":74}}]}},"b":{"0":[1],"1":[1],"2":[1],"3":[0],"4":[2],"5":[1]},"fnMap":{"0":{"name":"Object.<anonymous>","decl":{"start":{"line":1,"column":0},"end":{"line":23,"column":30}},"loc":{"start":{"line":1,"column":0},"end":{"line":23,"column":30}},"line":1},"1":{"name":"Object.<anonymous>.__importDefault","decl":{"start":{"line":2,"column":56},"end":{"line":4,"column":1}},"loc":{"start":{"line":2,"column":56},"end":{"line":4,"column":1}},"line":2},"2":{"name":"buildLogger","decl":{"start":{"line":17,"column":20},"end":{"line":22,"column":1}},"loc":{"start":{"line":17,"column":20},"end":{"line":22,"column":1}},"line":17},"3":{"name":"log","decl":{"start":{"line":19,"column":13},"end":{"line":19,"column":74}},"loc":{"start":{"line":19,"column":13},"end":{"line":19,"column":74}},"line":19},"4":{"name":"error","decl":{"start":{"line":20,"column":15},"end":{"line":20,"column":79}},"loc":{"start":{"line":20,"column":15},"end":{"line":20,"column":79}},"line":20}},"f":{"0":1,"1":1,"2":2,"3":1,"4":0}}
,"C:\\Users\\Leand\\OneDrive\\Escritorio\\curso_node_js\\02-bases\\src\\js-foundation\\01-template.ts": {"path":"C:\\Users\\Leand\\OneDrive\\Escritorio\\curso_node_js\\02-bases\\src\\js-foundation\\01-template.ts","all":false,"statementMap":{"0":{"start":{"line":1,"column":0},"end":{"line":1,"column":23}},"1":{"start":{"line":2,"column":0},"end":{"line":2,"column":5}},"2":{"start":{"line":3,"column":0},"end":{"line":3,"column":27}},"3":{"start":{"line":4,"column":0},"end":{"line":4,"column":43}},"4":{"start":{"line":5,"column":0},"end":{"line":5,"column":6}},"5":{"start":{"line":6,"column":0},"end":{"line":6,"column":2}},"6":{"start":{"line":7,"column":0},"end":{"line":7,"column":0}},"7":{"start":{"line":8,"column":0},"end":{"line":8,"column":25}}},"s":{"0":1,"1":1,"2":1,"3":1,"4":1,"5":1,"6":1,"7":1},"branchMap":{},"b":{},"fnMap":{},"f":{}}
,"C:\\Users\\Leand\\OneDrive\\Escritorio\\curso_node_js\\02-bases\\src\\js-foundation\\02-destructiring.ts": {"path":"C:\\Users\\Leand\\OneDrive\\Escritorio\\curso_node_js\\02-bases\\src\\js-foundation\\02-destructiring.ts","all":false,"statementMap":{"0":{"start":{"line":1,"column":0},"end":{"line":1,"column":67}},"1":{"start":{"line":2,"column":0},"end":{"line":2,"column":0}},"2":{"start":{"line":3,"column":0},"end":{"line":3,"column":26}},"3":{"start":{"line":4,"column":0},"end":{"line":4,"column":0}},"4":{"start":{"line":5,"column":0},"end":{"line":5,"column":34}}},"s":{"0":1,"1":1,"2":1,"3":1,"4":1},"branchMap":{},"b":{},"fnMap":{},"f":{}}
,"C:\\Users\\Leand\\OneDrive\\Escritorio\\curso_node_js\\02-bases\\src\\js-foundation\\03-callbacks.ts": {"path":"C:\\Users\\Leand\\OneDrive\\Escritorio\\curso_node_js\\02-bases\\src\\js-foundation\\03-callbacks.ts","all":false,"statementMap":{"0":{"start":{"line":1,"column":0},"end":{"line":1,"column":13}},"1":{"start":{"line":2,"column":0},"end":{"line":2,"column":13}},"2":{"start":{"line":3,"column":0},"end":{"line":3,"column":15}},"3":{"start":{"line":4,"column":0},"end":{"line":4,"column":2}},"4":{"start":{"line":5,"column":0},"end":{"line":5,"column":0}},"5":{"start":{"line":6,"column":0},"end":{"line":6,"column":23}},"6":{"start":{"line":7,"column":0},"end":{"line":7,"column":3}},"7":{"start":{"line":8,"column":0},"end":{"line":8,"column":10}},"8":{"start":{"line":9,"column":0},"end":{"line":9,"column":21}},"9":{"start":{"line":10,"column":0},"end":{"line":10,"column":4}},"10":{"start":{"line":11,"column":0},"end":{"line":11,"column":3}},"11":{"start":{"line":12,"column":0},"end":{"line":12,"column":10}},"12":{"start":{"line":13,"column":0},"end":{"line":13,"column":21}},"13":{"start":{"line":14,"column":0},"end":{"line":14,"column":4}},"14":{"start":{"line":15,"column":0},"end":{"line":15,"column":2}},"15":{"start":{"line":16,"column":0},"end":{"line":16,"column":0}},"16":{"start":{"line":17,"column":0},"end":{"line":17,"column":21}},"17":{"start":{"line":18,"column":0},"end":{"line":18,"column":13}},"18":{"start":{"line":19,"column":0},"end":{"line":19,"column":47}},"19":{"start":{"line":20,"column":0},"end":{"line":20,"column":6}},"20":{"start":{"line":21,"column":0},"end":{"line":21,"column":52}},"21":{"start":{"line":22,"column":0},"end":{"line":22,"column":77}},"22":{"start":{"line":23,"column":0},"end":{"line":23,"column":2}},"23":{"start":{"line":24,"column":0},"end":{"line":24,"column":0}},"24":{"start":{"line":25,"column":0},"end":{"line":25,"column":23}}},"s":{"0":1,"1":1,"2":1,"3":1,"4":1,"5":1,"6":1,"7":1,"8":1,"9":1,"10":1,"11":1,"12":1,"13":1,"14":1,"15":1,"16":1,"17":2,"18":2,"19":2,"20":2,"21":2,"22":2,"23":1,"24":1},"branchMap":{"0":{"type":"branch","line":17,"loc":{"start":{"line":17,"column":20},"end":{"line":23,"column":2}},"locations":[{"start":{"line":17,"column":20},"end":{"line":23,"column":2}}]},"1":{"type":"branch","line":22,"loc":{"start":{"line":22,"column":7},"end":{"line":22,"column":34}},"locations":[{"start":{"line":22,"column":7},"end":{"line":22,"column":34}}]},"2":{"type":"branch","line":22,"loc":{"start":{"line":22,"column":35},"end":{"line":22,"column":76}},"locations":[{"start":{"line":22,"column":35},"end":{"line":22,"column":76}}]},"3":{"type":"branch","line":21,"loc":{"start":{"line":21,"column":26},"end":{"line":21,"column":50}},"locations":[{"start":{"line":21,"column":26},"end":{"line":21,"column":50}}]}},"b":{"0":[2],"1":[1],"2":[1],"3":[3]},"fnMap":{"0":{"name":"getUserById","decl":{"start":{"line":17,"column":20},"end":{"line":23,"column":2}},"loc":{"start":{"line":17,"column":20},"end":{"line":23,"column":2}},"line":17}},"f":{"0":2}}
,"C:\\Users\\Leand\\OneDrive\\Escritorio\\curso_node_js\\02-bases\\src\\js-foundation\\04-factory.ts": {"path":"C:\\Users\\Leand\\OneDrive\\Escritorio\\curso_node_js\\02-bases\\src\\js-foundation\\04-factory.ts","all":false,"statementMap":{"0":{"start":{"line":1,"column":0},"end":{"line":1,"column":25}},"1":{"start":{"line":2,"column":0},"end":{"line":2,"column":24}},"2":{"start":{"line":3,"column":0},"end":{"line":3,"column":40}},"3":{"start":{"line":4,"column":0},"end":{"line":4,"column":2}},"4":{"start":{"line":5,"column":0},"end":{"line":5,"column":0}},"5":{"start":{"line":6,"column":0},"end":{"line":6,"column":68}},"6":{"start":{"line":7,"column":0},"end":{"line":7,"column":72}},"7":{"start":{"line":8,"column":0},"end":{"line":8,"column":12}},"8":{"start":{"line":9,"column":0},"end":{"line":9,"column":20}},"9":{"start":{"line":10,"column":0},"end":{"line":10,"column":11}},"10":{"start":{"line":11,"column":0},"end":{"line":11,"column":16}},"11":{"start":{"line":12,"column":0},"end":{"line":12,"column":29}},"12":{"start":{"line":13,"column":0},"end":{"line":13,"column":6}},"13":{"start":{"line":14,"column":0},"end":{"line":14,"column":4}},"14":{"start":{"line":15,"column":0},"end":{"line":15,"column":2}},"15":{"start":{"line":16,"column":0},"end":{"line":16,"column":0}},"16":{"start":{"line":17,"column":0},"end":{"line":17,"column":57}},"17":{"start":{"line":18,"column":0},"end":{"line":18,"column":0}},"18":{"start":{"line":19,"column":0},"end":{"line":19,"column":30}},"19":{"start":{"line":20,"column":0},"end":{"line":20,"column":0}},"20":{"start":{"line":21,"column":0},"end":{"line":21,"column":21}},"21":{"start":{"line":22,"column":0},"end":{"line":22,"column":0}},"22":{"start":{"line":23,"column":0},"end":{"line":23,"column":27}}},"s":{"0":1,"1":1,"2":1,"3":1,"4":1,"5":1,"6":2,"7":1,"8":1,"9":1,"10":1,"11":1,"12":1,"13":2,"14":2,"15":1,"16":1,"17":1,"18":1,"19":1,"20":1,"21":1,"22":1},"branchMap":{"0":{"type":"branch","line":6,"loc":{"start":{"line":6,"column":24},"end":{"line":15,"column":2}},"locations":[{"start":{"line":6,"column":24},"end":{"line":15,"column":2}}]},"1":{"type":"branch","line":7,"loc":{"start":{"line":7,"column":9},"end":{"line":14,"column":3}},"locations":[{"start":{"line":7,"column":9},"end":{"line":14,"column":3}}]}},"b":{"0":[2],"1":[1]},"fnMap":{"0":{"name":"buildMakePerson","decl":{"start":{"line":6,"column":24},"end":{"line":15,"column":2}},"loc":{"start":{"line":6,"column":24},"end":{"line":15,"column":2}},"line":6}},"f":{"0":2}}
,"C:\\Users\\Leand\\OneDrive\\Escritorio\\curso_node_js\\02-bases\\src\\js-foundation\\06-promises.ts": {"path":"C:\\Users\\Leand\\OneDrive\\Escritorio\\curso_node_js\\02-bases\\src\\js-foundation\\06-promises.ts","all":false,"statementMap":{"0":{"start":{"line":1,"column":0},"end":{"line":1,"column":46}},"1":{"start":{"line":2,"column":0},"end":{"line":2,"column":0}},"2":{"start":{"line":3,"column":0},"end":{"line":3,"column":63}},"3":{"start":{"line":4,"column":0},"end":{"line":4,"column":7}},"4":{"start":{"line":5,"column":0},"end":{"line":5,"column":58}},"5":{"start":{"line":6,"column":0},"end":{"line":6,"column":40}},"6":{"start":{"line":7,"column":0},"end":{"line":7,"column":24}},"7":{"start":{"line":8,"column":0},"end":{"line":8,"column":19}},"8":{"start":{"line":9,"column":0},"end":{"line":9,"column":44}},"9":{"start":{"line":10,"column":0},"end":{"line":10,"column":3}},"10":{"start":{"line":11,"column":0},"end":{"line":11,"column":2}},"11":{"start":{"line":12,"column":0},"end":{"line":12,"column":0}},"12":{"start":{"line":13,"column":0},"end":{"line":13,"column":26}}},"s":{"0":1,"1":1,"2":1,"3":2,"4":2,"5":2,"6":1,"7":1,"8":1,"9":1,"10":2,"11":1,"12":1},"branchMap":{"0":{"type":"branch","line":3,"loc":{"start":{"line":3,"column":23},"end":{"line":11,"column":2}},"locations":[{"start":{"line":3,"column":23},"end":{"line":11,"column":2}}]},"1":{"type":"branch","line":3,"loc":{"start":{"line":3,"column":61},"end":{"line":11,"column":2}},"locations":[{"start":{"line":3,"column":61},"end":{"line":11,"column":2}}]},"2":{"type":"branch","line":7,"loc":{"start":{"line":7,"column":-2},"end":{"line":10,"column":3}},"locations":[{"start":{"line":7,"column":-2},"end":{"line":10,"column":3}}]}},"b":{"0":[2],"1":[2],"2":[1]},"fnMap":{"0":{"name":"getPokemonById","decl":{"start":{"line":3,"column":23},"end":{"line":11,"column":2}},"loc":{"start":{"line":3,"column":23},"end":{"line":11,"column":2}},"line":3}},"f":{"0":2}}
,"C:\\Users\\Leand\\OneDrive\\Escritorio\\curso_node_js\\02-bases\\src\\plugins\\get-age-plugin.ts": {"path":"C:\\Users\\Leand\\OneDrive\\Escritorio\\curso_node_js\\02-bases\\src\\plugins\\get-age-plugin.ts","all":false,"statementMap":{"0":{"start":{"line":1,"column":0},"end":{"line":1,"column":47}},"1":{"start":{"line":2,"column":0},"end":{"line":2,"column":70}},"2":{"start":{"line":3,"column":0},"end":{"line":3,"column":2}},"3":{"start":{"line":4,"column":0},"end":{"line":4,"column":0}},"4":{"start":{"line":5,"column":0},"end":{"line":5,"column":18}}},"s":{"0":1,"1":3,"2":3,"3":1,"4":1},"branchMap":{"0":{"type":"branch","line":1,"loc":{"start":{"line":1,"column":15},"end":{"line":3,"column":2}},"locations":[{"start":{"line":1,"column":15},"end":{"line":3,"column":2}}]}},"b":{"0":[3]},"fnMap":{"0":{"name":"getAge","decl":{"start":{"line":1,"column":15},"end":{"line":3,"column":2}},"loc":{"start":{"line":1,"column":15},"end":{"line":3,"column":2}},"line":1}},"f":{"0":3}}
,"C:\\Users\\Leand\\OneDrive\\Escritorio\\curso_node_js\\02-bases\\src\\plugins\\get-id-plugin.ts": {"path":"C:\\Users\\Leand\\OneDrive\\Escritorio\\curso_node_js\\02-bases\\src\\plugins\\get-id-plugin.ts","all":false,"statementMap":{"0":{"start":{"line":1,"column":0},"end":{"line":1,"column":36}},"1":{"start":{"line":2,"column":0},"end":{"line":2,"column":0}},"2":{"start":{"line":3,"column":0},"end":{"line":3,"column":39}},"3":{"start":{"line":4,"column":0},"end":{"line":4,"column":0}},"4":{"start":{"line":5,"column":0},"end":{"line":5,"column":19}}},"s":{"0":1,"1":1,"2":1,"3":1,"4":1},"branchMap":{"0":{"type":"branch","line":3,"loc":{"start":{"line":3,"column":16},"end":{"line":3,"column":38}},"locations":[{"start":{"line":3,"column":16},"end":{"line":3,"column":38}}]}},"b":{"0":[1]},"fnMap":{"0":{"name":"getUUID","decl":{"start":{"line":3,"column":16},"end":{"line":3,"column":38}},"loc":{"start":{"line":3,"column":16},"end":{"line":3,"column":38}},"line":3}},"f":{"0":1}}
,"C:\\Users\\Leand\\OneDrive\\Escritorio\\curso_node_js\\02-bases\\src\\plugins\\http-client.ts": {"path":"C:\\Users\\Leand\\OneDrive\\Escritorio\\curso_node_js\\02-bases\\src\\plugins\\http-client.ts","all":false,"statementMap":{"0":{"start":{"line":1,"column":0},"end":{"line":1,"column":26}},"1":{"start":{"line":2,"column":0},"end":{"line":2,"column":0}},"2":{"start":{"line":3,"column":0},"end":{"line":3,"column":26}},"3":{"start":{"line":4,"column":0},"end":{"line":4,"column":31}},"4":{"start":{"line":5,"column":0},"end":{"line":5,"column":40}},"5":{"start":{"line":6,"column":0},"end":{"line":6,"column":16}},"6":{"start":{"line":7,"column":0},"end":{"line":7,"column":4}},"7":{"start":{"line":8,"column":0},"end":{"line":8,"column":2}},"8":{"start":{"line":9,"column":0},"end":{"line":9,"column":0}},"9":{"start":{"line":10,"column":0},"end":{"line":10,"column":36}}},"s":{"0":5,"1":5,"2":5,"3":3,"4":3,"5":3,"6":3,"7":3,"8":3,"9":3},"branchMap":{"0":{"type":"branch","line":1,"loc":{"start":{"line":1,"column":0},"end":{"line":10,"column":36}},"locations":[{"start":{"line":1,"column":0},"end":{"line":10,"column":36}}]},"1":{"type":"branch","line":1,"loc":{"start":{"line":1,"column":0},"end":{"line":10,"column":36}},"locations":[{"start":{"line":1,"column":0},"end":{"line":10,"column":36}}]},"2":{"type":"branch","line":4,"loc":{"start":{"line":4,"column":0},"end":{"line":10,"column":36}},"locations":[{"start":{"line":4,"column":0},"end":{"line":10,"column":36}}]},"3":{"type":"branch","line":5,"loc":{"start":{"line":5,"column":18},"end":{"line":10,"column":36}},"locations":[{"start":{"line":5,"column":18},"end":{"line":10,"column":36}}]},"4":{"type":"branch","line":10,"loc":{"start":{"line":10,"column":4},"end":{"line":10,"column":36}},"locations":[{"start":{"line":10,"column":4},"end":{"line":10,"column":36}}]}},"b":{"0":[5],"1":[5],"2":[3],"3":[3],"4":[0]},"fnMap":{"0":{"name":"Object.<anonymous>","decl":{"start":{"line":1,"column":0},"end":{"line":10,"column":36}},"loc":{"start":{"line":1,"column":0},"end":{"line":10,"column":36}},"line":1},"1":{"name":"Object.<anonymous>.__awaiter","decl":{"start":{"line":4,"column":0},"end":{"line":10,"column":36}},"loc":{"start":{"line":4,"column":0},"end":{"line":10,"column":36}},"line":4},"2":{"name":"adopt","decl":{"start":{"line":5,"column":18},"end":{"line":10,"column":36}},"loc":{"start":{"line":5,"column":18},"end":{"line":10,"column":36}},"line":5}},"f":{"0":5,"1":3,"2":3}}
,"C:\\Users\\Leand\\OneDrive\\Escritorio\\curso_node_js\\02-bases\\src\\plugins\\index.ts": {"path":"C:\\Users\\Leand\\OneDrive\\Escritorio\\curso_node_js\\02-bases\\src\\plugins\\index.ts","all":false,"statementMap":{"0":{"start":{"line":1,"column":0},"end":{"line":1,"column":42}},"1":{"start":{"line":2,"column":0},"end":{"line":2,"column":42}},"2":{"start":{"line":3,"column":0},"end":{"line":3,"column":37}},"3":{"start":{"line":4,"column":0},"end":{"line":4,"column":43}},"4":{"start":{"line":5,"column":0},"end":{"line":5,"column":0}},"5":{"start":{"line":6,"column":0},"end":{"line":6,"column":46}}},"s":{"0":1,"1":1,"2":1,"3":1,"4":1,"5":1},"branchMap":{"0":{"type":"branch","line":6,"loc":{"start":{"line":6,"column":9},"end":{"line":6,"column":15}},"locations":[{"start":{"line":6,"column":9},"end":{"line":6,"column":15}}]},"1":{"type":"branch","line":6,"loc":{"start":{"line":6,"column":17},"end":{"line":6,"column":24}},"locations":[{"start":{"line":6,"column":17},"end":{"line":6,"column":24}}]},"2":{"type":"branch","line":6,"loc":{"start":{"line":6,"column":26},"end":{"line":6,"column":30}},"locations":[{"start":{"line":6,"column":26},"end":{"line":6,"column":30}}]}},"b":{"0":[3],"1":[1],"2":[1]},"fnMap":{"0":{"name":"get","decl":{"start":{"line":6,"column":9},"end":{"line":6,"column":15}},"loc":{"start":{"line":6,"column":9},"end":{"line":6,"column":15}},"line":6},"1":{"name":"get","decl":{"start":{"line":6,"column":17},"end":{"line":6,"column":24}},"loc":{"start":{"line":6,"column":17},"end":{"line":6,"column":24}},"line":6},"2":{"name":"get","decl":{"start":{"line":6,"column":26},"end":{"line":6,"column":30}},"loc":{"start":{"line":6,"column":26},"end":{"line":6,"column":30}},"line":6}},"f":{"0":3,"1":1,"2":1}}
,"C:\\Users\\Leand\\OneDrive\\Escritorio\\curso_node_js\\02-bases\\src\\plugins\\logger-plugins.ts": {"path":"C:\\Users\\Leand\\OneDrive\\Escritorio\\curso_node_js\\02-bases\\src\\plugins\\logger-plugins.ts","all":false,"statementMap":{"0":{"start":{"line":1,"column":0},"end":{"line":1,"column":30}},"1":{"start":{"line":2,"column":0},"end":{"line":2,"column":52}},"2":{"start":{"line":3,"column":0},"end":{"line":3,"column":0}},"3":{"start":{"line":4,"column":0},"end":{"line":4,"column":44}},"4":{"start":{"line":5,"column":0},"end":{"line":5,"column":16}},"5":{"start":{"line":6,"column":0},"end":{"line":6,"column":39}},"6":{"start":{"line":7,"column":0},"end":{"line":7,"column":15}},"7":{"start":{"line":8,"column":0},"end":{"line":8,"column":75}},"8":{"start":{"line":9,"column":0},"end":{"line":9,"column":62}},"9":{"start":{"line":10,"column":0},"end":{"line":10,"column":4}},"10":{"start":{"line":11,"column":0},"end":{"line":11,"column":3}},"11":{"start":{"line":12,"column":0},"end":{"line":12,"column":0}},"12":{"start":{"line":13,"column":0},"end":{"line":13,"column":78}},"13":{"start":{"line":14,"column":0},"end":{"line":14,"column":10}},"14":{"start":{"line":15,"column":0},"end":{"line":15,"column":71}},"15":{"start":{"line":16,"column":0},"end":{"line":16,"column":76}},"16":{"start":{"line":17,"column":0},"end":{"line":17,"column":4}},"17":{"start":{"line":18,"column":0},"end":{"line":18,"column":2}},"18":{"start":{"line":19,"column":0},"end":{"line":19,"column":0}},"19":{"start":{"line":20,"column":0},"end":{"line":20,"column":27}}},"s":{"0":1,"1":1,"2":1,"3":1,"4":1,"5":1,"6":1,"7":1,"8":1,"9":1,"10":1,"11":1,"12":1,"13":2,"14":2,"15":2,"16":2,"17":2,"18":1,"19":1},"branchMap":{"0":{"type":"branch","line":13,"loc":{"start":{"line":13,"column":20},"end":{"line":18,"column":2}},"locations":[{"start":{"line":13,"column":20},"end":{"line":18,"column":2}}]},"1":{"type":"branch","line":15,"loc":{"start":{"line":15,"column":9},"end":{"line":15,"column":70}},"locations":[{"start":{"line":15,"column":9},"end":{"line":15,"column":70}}]}},"b":{"0":[2],"1":[1]},"fnMap":{"0":{"name":"buildLogger","decl":{"start":{"line":13,"column":20},"end":{"line":18,"column":2}},"loc":{"start":{"line":13,"column":20},"end":{"line":18,"column":2}},"line":13},"1":{"name":"log","decl":{"start":{"line":15,"column":9},"end":{"line":15,"column":70}},"loc":{"start":{"line":15,"column":9},"end":{"line":15,"column":70}},"line":15},"2":{"name":"error","decl":{"start":{"line":16,"column":11},"end":{"line":16,"column":75}},"loc":{"start":{"line":16,"column":11},"end":{"line":16,"column":75}},"line":16}},"f":{"0":2,"1":1,"2":0}}
}
