TN:
SF:dist\js-foundation\01-template.js
FN:1,Object.<anonymous>
FNF:1
FNH:1
FNDA:1,Object.<anonymous>
DA:1,1
DA:2,1
DA:3,1
DA:4,1
DA:5,1
DA:6,1
DA:7,1
DA:8,1
DA:9,1
DA:10,1
LF:10
LH:10
BRDA:1,0,0,1
BRDA:1,1,0,1
BRF:2
BRH:2
end_of_record
TN:
SF:dist\js-foundation\02-destructiring.js
FN:1,Object.<anonymous>
FNF:1
FNH:1
FNDA:1,Object.<anonymous>
DA:1,1
DA:2,1
DA:3,1
DA:4,1
DA:5,1
LF:5
LH:5
BRDA:1,0,0,1
BRDA:1,1,0,1
BRF:2
BRH:2
end_of_record
TN:
SF:dist\js-foundation\03-callbacks.js
FN:1,Object.<anonymous>
FN:14,getUserById
FNF:2
FNH:2
FNDA:1,Object.<anonymous>
FNDA:2,getUserById
DA:1,1
DA:2,1
DA:3,1
DA:4,1
DA:5,1
DA:6,1
DA:7,1
DA:8,1
DA:9,1
DA:10,1
DA:11,1
DA:12,1
DA:13,1
DA:14,1
DA:15,2
DA:16,2
DA:17,1
DA:18,1
LF:18
LH:18
BRDA:1,0,0,1
BRDA:1,1,0,1
BRDA:14,2,0,2
BRDA:16,3,0,1
BRDA:16,4,0,1
BRDA:15,5,0,3
BRF:6
BRH:6
end_of_record
TN:
SF:dist\js-foundation\04-factory.js
FN:1,Object.<anonymous>
FN:4,buildMakePerson
FNF:2
FNH:2
FNDA:1,Object.<anonymous>
FNDA:2,buildMakePerson
DA:1,1
DA:2,1
DA:3,1
DA:4,1
DA:5,2
DA:6,1
DA:7,1
DA:8,1
DA:9,1
DA:10,1
DA:11,1
DA:12,2
DA:13,1
DA:14,1
LF:14
LH:14
BRDA:1,0,0,1
BRDA:1,1,0,1
BRDA:4,2,0,2
BRDA:5,3,0,1
BRF:4
BRH:4
end_of_record
TN:
SF:dist\js-foundation\06-promises.js
FN:1,Object.<anonymous>
FN:2,Object.<anonymous>.__awaiter
FN:3,adopt
FN:5,fulfilled
FN:6,rejected
FN:7,step
FN:14,getPokemonById
FNF:7
FNH:7
FNDA:1,Object.<anonymous>
FNDA:2,Object.<anonymous>.__awaiter
FNDA:2,adopt
FNDA:1,fulfilled
FNDA:1,rejected
FNDA:3,step
FNDA:2,getPokemonById
DA:1,1
DA:2,1
DA:3,2
DA:4,2
DA:5,2
DA:6,2
DA:7,2
DA:8,2
DA:9,2
DA:10,1
DA:11,1
DA:12,1
DA:13,1
DA:14,1
DA:15,2
DA:16,2
DA:17,2
DA:18,1
DA:19,1
DA:20,1
DA:21,1
DA:22,1
DA:23,1
DA:24,1
LF:24
LH:24
BRDA:1,0,0,1
BRDA:1,1,0,1
BRDA:2,2,0,2
BRDA:3,3,0,2
BRDA:3,4,0,0
BRDA:4,5,0,2
BRDA:5,6,0,1
BRDA:5,7,0,0
BRDA:6,8,0,1
BRDA:7,9,0,3
BRDA:7,10,0,1
BRDA:7,11,0,2
BRDA:14,12,0,2
BRDA:14,13,0,2
BRDA:18,14,0,1
BRF:15
BRH:13
end_of_record
TN:
SF:dist\plugins\get-age-plugin.js
FN:1,Object.<anonymous>
FN:4,getAge
FNF:2
FNH:2
FNDA:1,Object.<anonymous>
FNDA:3,getAge
DA:1,1
DA:2,1
DA:3,1
DA:4,1
DA:5,3
DA:6,1
DA:7,1
LF:7
LH:7
BRDA:1,0,0,1
BRDA:1,1,0,1
BRDA:4,2,0,3
BRF:3
BRH:3
end_of_record
TN:
SF:dist\plugins\get-id-plugin.js
FN:1,Object.<anonymous>
FN:5,getUUID
FNF:2
FNH:2
FNDA:1,Object.<anonymous>
FNDA:1,getUUID
DA:1,1
DA:2,1
DA:3,1
DA:4,1
DA:5,1
DA:6,1
LF:6
LH:6
BRDA:1,0,0,1
BRDA:1,1,0,1
BRDA:5,2,0,1
BRF:3
BRH:3
end_of_record
TN:
SF:dist\plugins\http-client.js
FN:1,Object.<anonymous>
FN:2,Object.<anonymous>.__awaiter
FN:3,adopt
FN:5,fulfilled
FN:6,rejected
FN:7,step
FN:11,Object.<anonymous>.__importDefault
FN:18,get
FNF:8
FNH:8
FNDA:1,Object.<anonymous>
FNDA:1,Object.<anonymous>.__awaiter
FNDA:1,adopt
FNDA:1,fulfilled
FNDA:1,rejected
FNDA:2,step
FNDA:1,Object.<anonymous>.__importDefault
FNDA:1,get
DA:1,1
DA:2,1
DA:3,1
DA:4,1
DA:5,1
DA:6,1
DA:7,1
DA:8,1
DA:9,1
DA:10,1
DA:11,1
DA:12,1
DA:13,1
DA:14,1
DA:15,1
DA:16,1
DA:17,1
DA:18,1
DA:19,1
DA:20,1
DA:21,1
DA:22,1
DA:23,1
LF:23
LH:23
BRDA:1,0,0,1
BRDA:1,1,0,1
BRDA:2,2,0,1
BRDA:3,3,0,1
BRDA:3,4,0,0
BRDA:4,5,0,1
BRDA:5,6,0,1
BRDA:5,7,0,0
BRDA:6,8,0,1
BRDA:7,9,0,2
BRDA:7,10,0,1
BRDA:7,11,0,1
BRDA:11,12,0,1
BRDA:12,13,0,0
BRDA:18,14,0,1
BRDA:18,15,0,1
BRF:16
BRH:13
end_of_record
TN:
SF:dist\plugins\index.js
FN:1,Object.<anonymous>
FN:2,Object.<anonymous>.__importDefault
FN:8,get
FN:10,get
FN:12,get
FNF:5
FNH:5
FNDA:1,Object.<anonymous>
FNDA:1,Object.<anonymous>.__importDefault
FNDA:3,get
FNDA:1,get
FNDA:1,get
DA:1,1
DA:2,1
DA:3,1
DA:4,1
DA:5,1
DA:6,1
DA:7,1
DA:8,1
DA:9,1
DA:10,1
DA:11,1
DA:12,1
DA:13,1
DA:14,1
LF:14
LH:14
BRDA:1,0,0,1
BRDA:1,1,0,1
BRDA:2,2,0,1
BRDA:3,3,0,0
BRDA:8,4,0,3
BRDA:10,5,0,1
BRDA:12,6,0,1
BRF:7
BRH:6
end_of_record
TN:
SF:dist\plugins\logger-plugins.js
FN:1,Object.<anonymous>
FN:2,Object.<anonymous>.__importDefault
FN:17,buildLogger
FN:19,log
FN:20,error
FNF:5
FNH:4
FNDA:1,Object.<anonymous>
FNDA:1,Object.<anonymous>.__importDefault
FNDA:2,buildLogger
FNDA:1,log
FNDA:0,error
DA:1,1
DA:2,1
DA:3,1
DA:4,1
DA:5,1
DA:6,1
DA:7,1
DA:8,1
DA:9,1
DA:10,1
DA:11,1
DA:12,1
DA:13,1
DA:14,1
DA:15,1
DA:16,1
DA:17,1
DA:18,2
DA:19,2
DA:20,2
DA:21,2
DA:22,1
DA:23,1
LF:23
LH:23
BRDA:1,0,0,1
BRDA:1,1,0,1
BRDA:2,2,0,1
BRDA:3,3,0,0
BRDA:17,4,0,2
BRDA:19,5,0,1
BRF:6
BRH:5
end_of_record
TN:
SF:src\js-foundation\01-template.ts
FNF:0
FNH:0
DA:1,1
DA:2,1
DA:3,1
DA:4,1
DA:5,1
DA:6,1
DA:7,1
DA:8,1
LF:8
LH:8
BRF:0
BRH:0
end_of_record
TN:
SF:src\js-foundation\02-destructiring.ts
FNF:0
FNH:0
DA:1,1
DA:2,1
DA:3,1
DA:4,1
DA:5,1
LF:5
LH:5
BRF:0
BRH:0
end_of_record
TN:
SF:src\js-foundation\03-callbacks.ts
FN:17,getUserById
FNF:1
FNH:1
FNDA:2,getUserById
DA:1,1
DA:2,1
DA:3,1
DA:4,1
DA:5,1
DA:6,1
DA:7,1
DA:8,1
DA:9,1
DA:10,1
DA:11,1
DA:12,1
DA:13,1
DA:14,1
DA:15,1
DA:16,1
DA:17,1
DA:18,2
DA:19,2
DA:20,2
DA:21,2
DA:22,2
DA:23,2
DA:24,1
DA:25,1
LF:25
LH:25
BRDA:17,0,0,2
BRDA:22,1,0,1
BRDA:22,2,0,1
BRDA:21,3,0,3
BRF:4
BRH:4
end_of_record
TN:
SF:src\js-foundation\04-factory.ts
FN:6,buildMakePerson
FNF:1
FNH:1
FNDA:2,buildMakePerson
DA:1,1
DA:2,1
DA:3,1
DA:4,1
DA:5,1
DA:6,1
DA:7,2
DA:8,1
DA:9,1
DA:10,1
DA:11,1
DA:12,1
DA:13,1
DA:14,2
DA:15,2
DA:16,1
DA:17,1
DA:18,1
DA:19,1
DA:20,1
DA:21,1
DA:22,1
DA:23,1
LF:23
LH:23
BRDA:6,0,0,2
BRDA:7,1,0,1
BRF:2
BRH:2
end_of_record
TN:
SF:src\js-foundation\06-promises.ts
FN:3,getPokemonById
FNF:1
FNH:1
FNDA:2,getPokemonById
DA:1,1
DA:2,1
DA:3,1
DA:4,2
DA:5,2
DA:6,2
DA:7,1
DA:8,1
DA:9,1
DA:10,1
DA:11,2
DA:12,1
DA:13,1
LF:13
LH:13
BRDA:3,0,0,2
BRDA:3,1,0,2
BRDA:7,2,0,1
BRF:3
BRH:3
end_of_record
TN:
SF:src\plugins\get-age-plugin.ts
FN:1,getAge
FNF:1
FNH:1
FNDA:3,getAge
DA:1,1
DA:2,3
DA:3,3
DA:4,1
DA:5,1
LF:5
LH:5
BRDA:1,0,0,3
BRF:1
BRH:1
end_of_record
TN:
SF:src\plugins\get-id-plugin.ts
FN:3,getUUID
FNF:1
FNH:1
FNDA:1,getUUID
DA:1,1
DA:2,1
DA:3,1
DA:4,1
DA:5,1
LF:5
LH:5
BRDA:3,0,0,1
BRF:1
BRH:1
end_of_record
TN:
SF:src\plugins\http-client.ts
FN:1,Object.<anonymous>
FN:4,Object.<anonymous>.__awaiter
FN:5,adopt
FNF:3
FNH:3
FNDA:5,Object.<anonymous>
FNDA:3,Object.<anonymous>.__awaiter
FNDA:3,adopt
DA:1,5
DA:2,5
DA:3,5
DA:4,3
DA:5,3
DA:6,3
DA:7,3
DA:8,3
DA:9,3
DA:10,3
LF:10
LH:10
BRDA:1,0,0,5
BRDA:1,1,0,5
BRDA:4,2,0,3
BRDA:5,3,0,3
BRDA:10,4,0,0
BRF:5
BRH:4
end_of_record
TN:
SF:src\plugins\index.ts
FN:6,get
FN:6,get
FN:6,get
FNF:3
FNH:3
FNDA:3,get
FNDA:1,get
FNDA:1,get
DA:1,1
DA:2,1
DA:3,1
DA:4,1
DA:5,1
DA:6,1
LF:6
LH:6
BRDA:6,0,0,3
BRDA:6,1,0,1
BRDA:6,2,0,1
BRF:3
BRH:3
end_of_record
TN:
SF:src\plugins\logger-plugins.ts
FN:13,buildLogger
FN:15,log
FN:16,error
FNF:3
FNH:2
FNDA:2,buildLogger
FNDA:1,log
FNDA:0,error
DA:1,1
DA:2,1
DA:3,1
DA:4,1
DA:5,1
DA:6,1
DA:7,1
DA:8,1
DA:9,1
DA:10,1
DA:11,1
DA:12,1
DA:13,1
DA:14,2
DA:15,2
DA:16,2
DA:17,2
DA:18,2
DA:19,1
DA:20,1
LF:20
LH:20
BRDA:13,0,0,2
BRDA:15,1,0,1
BRF:2
BRH:2
end_of_record
